<?xml version="1.0" encoding="UTF-8"?>
<!-- Generated by org.testng.reporters.JUnitReportReporter -->
<testsuite hostname="LAPTOP-EPLP61U0" failures="0" tests="1" name="ExcerciseGroup.ExcerciseArtifactProject.AppTest" time="0.007" errors="0" timestamp="24 Mar 2021 21:48:53 GMT" skipped="0">
  <testcase classname="ExcerciseGroup.ExcerciseArtifactProject.AppTest" name="shouldAnswerWithTrue" time="0.007"/>
</testsuite> <!-- ExcerciseGroup.ExcerciseArtifactProject.AppTest -->
