<?xml version="1.0" encoding="UTF-8"?>
<!-- Generated by org.testng.reporters.JUnitReportReporter -->
<testsuite hostname="LAPTOP-EPLP61U0" failures="0" tests="6" name="com.test.startTest" time="24.045" errors="0" timestamp="25 Mar 2021 22:12:58 GMT" skipped="0">
  <testcase classname="com.test.startTest" name="searchdynamicOptions" time="5.203"/>
  <testcase classname="com.test.startTest" name="searchWithEnteredTerms" time="3.722"/>
  <testcase classname="com.test.startTest" name="searchWithEnteredTerms" time="3.910"/>
  <testcase classname="com.test.startTest" name="searchdynamicOptions" time="1.804"/>
  <testcase classname="com.test.startTest" name="searchdynamicOptions" time="5.636"/>
  <testcase classname="com.test.startTest" name="searchWithEnteredTerms" time="3.770"/>
</testsuite> <!-- com.test.startTest -->
