<?xml version="1.0" encoding="UTF-8"?>
<!-- Generated by org.testng.reporters.JUnitReportReporter -->
<testsuite hostname="LAPTOP-EPLP61U0" failures="0" tests="1" name="com.test.SearchWithOutEnteredTerms" time="16.097" errors="0" timestamp="26 Mar 2021 10:13:09 GMT" skipped="0">
  <testcase classname="com.test.SearchWithOutEnteredTerms" name="googleVoiceSearchTest" time="16.097"/>
</testsuite> <!-- com.test.SearchWithOutEnteredTerms -->
