<?xml version="1.0" encoding="UTF-8"?>
<!-- Generated by org.testng.reporters.JUnitReportReporter -->
<testsuite hostname="LAPTOP-EPLP61U0" failures="0" tests="6" name="com.test.SearchWithEnteredTerms" time="30.272" errors="0" timestamp="26 Mar 2021 10:13:09 GMT" skipped="0">
  <testcase classname="com.test.SearchWithEnteredTerms" name="searchWithEnteredData" time="8.080"/>
  <testcase classname="com.test.SearchWithEnteredTerms" name="searchdynamicOptions" time="3.655"/>
  <testcase classname="com.test.SearchWithEnteredTerms" name="searchWithEnteredData" time="3.877"/>
  <testcase classname="com.test.SearchWithEnteredTerms" name="searchWithEnteredData" time="8.204"/>
  <testcase classname="com.test.SearchWithEnteredTerms" name="searchdynamicOptions" time="4.081"/>
  <testcase classname="com.test.SearchWithEnteredTerms" name="searchdynamicOptions" time="2.375"/>
</testsuite> <!-- com.test.SearchWithEnteredTerms -->
