<?xml version="1.0" encoding="UTF-8"?>
<!-- Generated by org.testng.reporters.JUnitReportReporter -->
<testsuite hostname="LAPTOP-EPLP61U0" failures="0" tests="1" name="com.test.GoogleVoiceTest" time="4.109" errors="0" timestamp="25 Mar 2021 22:12:58 GMT" skipped="0">
  <testcase classname="com.test.GoogleVoiceTest" name="googleVoiceSearchTest" time="4.109"/>
</testsuite> <!-- com.test.GoogleVoiceTest -->
